c:\users\sharo\source\repos\meaze00\maze\debug\vc141.pdb
c:\users\sharo\source\repos\meaze00\maze\debug\vc141.idb
c:\users\sharo\source\repos\meaze00\maze\debug\viewcli.obj
c:\users\sharo\source\repos\meaze00\maze\debug\simplemaze2dgenerator.obj
c:\users\sharo\source\repos\meaze00\maze\debug\mymaze2dgenerator.obj
c:\users\sharo\source\repos\meaze00\maze\debug\mycontroller,cpp.obj
c:\users\sharo\source\repos\meaze00\maze\debug\mazesearcable.obj
c:\users\sharo\source\repos\meaze00\maze\debug\mazecompration.obj
c:\users\sharo\source\repos\meaze00\maze\debug\maze2d.obj
c:\users\sharo\source\repos\meaze00\maze\debug\main.obj
c:\users\sharo\source\repos\meaze00\maze\debug\history.obj
c:\users\sharo\source\repos\meaze00\maze\debug\hashmap.obj
c:\users\sharo\source\repos\meaze00\maze\debug\cell.obj
c:\users\sharo\source\repos\meaze00\debug\maze.ilk
c:\users\sharo\source\repos\meaze00\debug\maze.exe
c:\users\sharo\source\repos\meaze00\debug\maze.pdb
c:\users\sharo\source\repos\meaze00\maze\debug\maze.tlog\cl.command.1.tlog
c:\users\sharo\source\repos\meaze00\maze\debug\maze.tlog\cl.read.1.tlog
c:\users\sharo\source\repos\meaze00\maze\debug\maze.tlog\cl.write.1.tlog
c:\users\sharo\source\repos\meaze00\maze\debug\maze.tlog\link.command.1.tlog
c:\users\sharo\source\repos\meaze00\maze\debug\maze.tlog\link.read.1.tlog
c:\users\sharo\source\repos\meaze00\maze\debug\maze.tlog\link.write.1.tlog
